<?xml version="1.0" encoding="UTF-8"?>
<!-- Generated by org.testng.reporters.JUnitReportReporter -->
<testsuite hostname="Hemanjali" failures="0" tests="1" name="tests.RegisterTest" time="25.432" errors="0" timestamp="2025-09-10T23:53:44 IST" skipped="0">
  <testcase classname="tests.RegisterTest" name="registerNewUser" time="25.432"/>
</testsuite> <!-- tests.RegisterTest -->
