<?xml version="1.0" encoding="UTF-8"?>
<!-- Generated by org.testng.reporters.JUnitReportReporter -->
<testsuite hostname="Hemanjali" failures="0" tests="1" name="tests.E2ERegisterTest" time="104.346" errors="0" timestamp="2025-09-11T00:04:10 IST" skipped="0">
  <testcase classname="tests.E2ERegisterTest" name="testEndToEndEcommerceFlow" time="104.346"/>
</testsuite> <!-- tests.E2ERegisterTest -->
