<?xml version="1.0" encoding="UTF-8"?>
<!-- Generated by org.testng.reporters.JUnitReportReporter -->
<testsuite hostname="Hemanjali" failures="0" tests="1" name="tests.E2ERegisterTest" time="113.855" errors="0" timestamp="2025-09-12T20:05:02 IST" skipped="0">
  <testcase classname="tests.E2ERegisterTest" name="testEndToEndEcommerceFlow" time="113.855"/>
</testsuite> <!-- tests.E2ERegisterTest -->
