<?xml version="1.0" encoding="UTF-8"?>
<!-- Generated by org.testng.reporters.JUnitReportReporter -->
<testsuite hostname="Hemanjali" failures="0" tests="1" name="tests.AddToCartTest" time="4.515" errors="0" timestamp="2025-09-07T13:02:02 IST" skipped="0">
  <testcase classname="tests.AddToCartTest" name="testAddToCart" time="4.515"/>
</testsuite> <!-- tests.AddToCartTest -->
